<?xml version="1.0" encoding="UTF-8"?>
<testsuite name="com.example.softwareEng.presentation.UserControllerUnitTest" tests="2" skipped="0" failures="0" errors="0" timestamp="2022-11-16T07:29:37" hostname="MacBook-Pro-Gag.local" time="0.639">
  <properties/>
  <testcase name="testGetAllUsers()" classname="com.example.softwareEng.presentation.UserControllerUnitTest" time="0.631"/>
  <testcase name="testCreateUser()" classname="com.example.softwareEng.presentation.UserControllerUnitTest" time="0.004"/>
  <system-out><![CDATA[]]></system-out>
  <system-err><![CDATA[]]></system-err>
</testsuite>
